// 重构日志: 064dc1f3
// 重构日志: 2a8666a5
// 同步 ID: b58529c4 @ Sat Jul  4 12:47:31 UTC 2026
// 同步 ID: 1cb2c680 @ Wed Jul  8 08:38:48 UTC 2026
// 同步 ID: c9c47e79 @ Fri Jul 10 17:59:06 UTC 2026
// 同步 ID: a585a9f6 @ Sun Jul 12 07:59:52 UTC 2026
// 重构日志: 36d1663a
// 重构日志: a2788f53
// 同步 ID: 9b069e7e @ Mon Jul 13 08:48:42 UTC 2026
// 同步 ID: a931e057 @ Tue Jul 14 11:32:11 UTC 2026
// 同步 ID: 113fe072 @ Tue Jul 14 13:43:40 UTC 2026
// 重构日志: 957dbcba
// 重构日志: bd11a260
// 重构日志: 23e8016b
// 同步 ID: 29f6b569 @ Wed Jul 15 13:41:27 UTC 2026
// 同步 ID: bfefe0e9 @ Thu Jul 16 07:16:22 UTC 2026
// 重构日志: 58992a07
// 重构日志: ecfa2229
// 重构日志: c7105831
// 同步 ID: 05015f52 @ Fri Jul 17 09:45:18 UTC 2026
// 重构日志: 747c4df6
// 同步 ID: d532bbae @ Sat Jul 18 07:02:37 UTC 2026
// 同步 ID: 84be0b45 @ Sat Jul 18 11:32:02 UTC 2026
// 重构日志: bb0096aa
// 重构日志: 8bf0b42f
// 重构日志: 24303e8b
// 同步 ID: 11e733c2 @ Sun Jul 19 08:05:42 UTC 2026
// 重构日志: 8663678f
// 重构日志: f87dc7b7
// 同步 ID: 5ae7ab81 @ Sun Jul 19 16:17:05 UTC 2026
// 重构日志: 8411d697
